<?xml version="1.0" encoding="UTF-8"?>
<testsuite name="org.bank.customerservice.CustomerServiceApplicationTests" tests="1" skipped="0" failures="0" errors="0" timestamp="2020-11-28T13:15:50" hostname="LavanyaKondas-MacBook-Pro.local" time="0.794">
  <properties/>
  <testcase name="contextLoads()" classname="org.bank.customerservice.CustomerServiceApplicationTests" time="0.794"/>
  <system-out><![CDATA[18:45:43.075 [Test worker] DEBUG org.springframework.test.context.BootstrapUtils - Instantiating CacheAwareContextLoaderDelegate from class [org.springframework.test.context.cache.DefaultCacheAwareContextLoaderDelegate]
18:45:43.088 [Test worker] DEBUG org.springframework.test.context.BootstrapUtils - Instantiating BootstrapContext using constructor [public org.springframework.test.context.support.DefaultBootstrapContext(java.lang.Class,org.springframework.test.context.CacheAwareContextLoaderDelegate)]
18:45:43.119 [Test worker] DEBUG org.springframework.test.context.BootstrapUtils - Instantiating TestContextBootstrapper for test class [org.bank.customerservice.CustomerServiceApplicationTests] from class [org.springframework.boot.test.context.SpringBootTestContextBootstrapper]
18:45:43.140 [Test worker] INFO org.springframework.boot.test.context.SpringBootTestContextBootstrapper - Neither @ContextConfiguration nor @ContextHierarchy found for test class [org.bank.customerservice.CustomerServiceApplicationTests], using SpringBootContextLoader
18:45:43.144 [Test worker] DEBUG org.springframework.test.context.support.AbstractContextLoader - Did not detect default resource location for test class [org.bank.customerservice.CustomerServiceApplicationTests]: class path resource [org/bank/customerservice/CustomerServiceApplicationTests-context.xml] does not exist
18:45:43.145 [Test worker] DEBUG org.springframework.test.context.support.AbstractContextLoader - Did not detect default resource location for test class [org.bank.customerservice.CustomerServiceApplicationTests]: class path resource [org/bank/customerservice/CustomerServiceApplicationTestsContext.groovy] does not exist
18:45:43.145 [Test worker] INFO org.springframework.test.context.support.AbstractContextLoader - Could not detect default resource locations for test class [org.bank.customerservice.CustomerServiceApplicationTests]: no resource found for suffixes {-context.xml, Context.groovy}.
18:45:43.146 [Test worker] INFO org.springframework.test.context.support.AnnotationConfigContextLoaderUtils - Could not detect default configuration classes for test class [org.bank.customerservice.CustomerServiceApplicationTests]: CustomerServiceApplicationTests does not declare any static, non-private, non-final, nested classes annotated with @Configuration.
18:45:43.189 [Test worker] DEBUG org.springframework.test.context.support.ActiveProfilesUtils - Could not find an 'annotation declaring class' for annotation type [org.springframework.test.context.ActiveProfiles] and class [org.bank.customerservice.CustomerServiceApplicationTests]
18:45:43.235 [Test worker] DEBUG org.springframework.context.annotation.ClassPathScanningCandidateComponentProvider - Identified candidate component class: file [/Users/lavanyak/Desktop/docker-practice/build/classes/java/main/org/bank/customerservice/CustomerServiceApplication.class]
18:45:43.236 [Test worker] INFO org.springframework.boot.test.context.SpringBootTestContextBootstrapper - Found @SpringBootConfiguration org.bank.customerservice.CustomerServiceApplication for test class org.bank.customerservice.CustomerServiceApplicationTests
18:45:43.306 [Test worker] DEBUG org.springframework.boot.test.context.SpringBootTestContextBootstrapper - @TestExecutionListeners is not present for class [org.bank.customerservice.CustomerServiceApplicationTests]: using defaults.
18:45:43.306 [Test worker] INFO org.springframework.boot.test.context.SpringBootTestContextBootstrapper - Loaded default TestExecutionListener class names from location [META-INF/spring.factories]: [org.springframework.boot.test.autoconfigure.restdocs.RestDocsTestExecutionListener, org.springframework.boot.test.autoconfigure.web.client.MockRestServiceServerResetTestExecutionListener, org.springframework.boot.test.autoconfigure.web.servlet.MockMvcPrintOnlyOnFailureTestExecutionListener, org.springframework.boot.test.autoconfigure.web.servlet.WebDriverTestExecutionListener, org.springframework.boot.test.autoconfigure.webservices.client.MockWebServiceServerTestExecutionListener, org.springframework.boot.test.mock.mockito.MockitoTestExecutionListener, org.springframework.boot.test.mock.mockito.ResetMocksTestExecutionListener, org.springframework.test.context.web.ServletTestExecutionListener, org.springframework.test.context.support.DirtiesContextBeforeModesTestExecutionListener, org.springframework.test.context.support.DependencyInjectionTestExecutionListener, org.springframework.test.context.support.DirtiesContextTestExecutionListener, org.springframework.test.context.transaction.TransactionalTestExecutionListener, org.springframework.test.context.jdbc.SqlScriptsTestExecutionListener, org.springframework.test.context.event.EventPublishingTestExecutionListener]
18:45:43.315 [Test worker] DEBUG org.springframework.boot.test.context.SpringBootTestContextBootstrapper - Skipping candidate TestExecutionListener [org.springframework.test.context.transaction.TransactionalTestExecutionListener] due to a missing dependency. Specify custom listener classes or make the default listener classes and their required dependencies available. Offending class: [org/springframework/transaction/interceptor/TransactionAttributeSource]
18:45:43.315 [Test worker] DEBUG org.springframework.boot.test.context.SpringBootTestContextBootstrapper - Skipping candidate TestExecutionListener [org.springframework.test.context.jdbc.SqlScriptsTestExecutionListener] due to a missing dependency. Specify custom listener classes or make the default listener classes and their required dependencies available. Offending class: [org/springframework/transaction/interceptor/TransactionAttribute]
18:45:43.316 [Test worker] INFO org.springframework.boot.test.context.SpringBootTestContextBootstrapper - Using TestExecutionListeners: [org.springframework.test.context.web.ServletTestExecutionListener@7a64529, org.springframework.test.context.support.DirtiesContextBeforeModesTestExecutionListener@6ac74ae5, org.springframework.boot.test.mock.mockito.MockitoTestExecutionListener@34a58756, org.springframework.boot.test.autoconfigure.SpringBootDependencyInjectionTestExecutionListener@1bb82186, org.springframework.test.context.support.DirtiesContextTestExecutionListener@2e82a0d5, org.springframework.test.context.event.EventPublishingTestExecutionListener@7e424782, org.springframework.boot.test.autoconfigure.restdocs.RestDocsTestExecutionListener@6645f02b, org.springframework.boot.test.autoconfigure.web.client.MockRestServiceServerResetTestExecutionListener@3c2b5974, org.springframework.boot.test.autoconfigure.web.servlet.MockMvcPrintOnlyOnFailureTestExecutionListener@714c22c, org.springframework.boot.test.autoconfigure.web.servlet.WebDriverTestExecutionListener@6b86eb1b, org.springframework.boot.test.autoconfigure.webservices.client.MockWebServiceServerTestExecutionListener@220b9ae8, org.springframework.boot.test.mock.mockito.ResetMocksTestExecutionListener@440d9724]
18:45:43.318 [Test worker] DEBUG org.springframework.test.context.support.AbstractDirtiesContextTestExecutionListener - Before test class: context [DefaultTestContext@1648f80b testClass = CustomerServiceApplicationTests, testInstance = [null], testMethod = [null], testException = [null], mergedContextConfiguration = [WebMergedContextConfiguration@1a2e1234 testClass = CustomerServiceApplicationTests, locations = '{}', classes = '{class org.bank.customerservice.CustomerServiceApplication}', contextInitializerClasses = '[]', activeProfiles = '{}', propertySourceLocations = '{}', propertySourceProperties = '{org.springframework.boot.test.context.SpringBootTestContextBootstrapper=true}', contextCustomizers = set[org.springframework.boot.test.autoconfigure.actuate.metrics.MetricsExportContextCustomizerFactory$DisableMetricExportContextCustomizer@f2ebab2, org.springframework.boot.test.autoconfigure.properties.PropertyMappingContextCustomizer@0, org.springframework.boot.test.autoconfigure.web.servlet.WebDriverContextCustomizerFactory$Customizer@737cba6, org.springframework.boot.test.context.filter.ExcludeFilterContextCustomizer@1072d637, org.springframework.boot.test.json.DuplicateJsonObjectContextCustomizerFactory$DuplicateJsonObjectContextCustomizer@45dc2ff0, org.springframework.boot.test.mock.mockito.MockitoContextCustomizer@0, org.springframework.boot.test.web.client.TestRestTemplateContextCustomizer@14f37905, org.springframework.boot.test.web.reactive.server.WebTestClientContextCustomizer@b705fc8, org.springframework.boot.test.context.SpringBootTestArgs@1, org.springframework.boot.test.context.SpringBootTestWebEnvironment@17c1e4dd], resourceBasePath = 'src/main/webapp', contextLoader = 'org.springframework.boot.test.context.SpringBootContextLoader', parent = [null]], attributes = map['org.springframework.test.context.web.ServletTestExecutionListener.activateListener' -> true]], class annotated with @DirtiesContext [false] with mode [null].
18:45:43.341 [Test worker] DEBUG org.springframework.test.context.support.TestPropertySourceUtils - Adding inlined properties to environment: {spring.jmx.enabled=false, org.springframework.boot.test.context.SpringBootTestContextBootstrapper=true}

  .   ____          _            __ _ _
 /\\ / ___'_ __ _ _(_)_ __  __ _ \ \ \ \
( ( )\___ | '_ | '_| | '_ \/ _` | \ \ \ \
 \\/  ___)| |_)| | | | | || (_| |  ) ) ) )
  '  |____| .__|_| |_|_| |_\__, | / / / /
 =========|_|==============|___/=/_/_/_/
 :: Spring Boot ::                (v2.4.0)

2020-11-28 18:45:48.549  INFO 15936 --- [    Test worker] o.b.c.CustomerServiceApplicationTests    : Starting CustomerServiceApplicationTests using Java 14.0.2 on LavanyaKondas-MacBook-Pro.local with PID 15936 (started by lavanyak in /Users/lavanyak/Desktop/docker-practice)
2020-11-28 18:45:48.551  INFO 15936 --- [    Test worker] o.b.c.CustomerServiceApplicationTests    : No active profile set, falling back to default profiles: default
2020-11-28 18:45:49.855  INFO 15936 --- [    Test worker] o.s.s.concurrent.ThreadPoolTaskExecutor  : Initializing ExecutorService 'applicationTaskExecutor'
2020-11-28 18:45:50.249  INFO 15936 --- [    Test worker] o.b.c.CustomerServiceApplicationTests    : Started CustomerServiceApplicationTests in 6.903 seconds (JVM running for 7.837)
]]></system-out>
  <system-err><![CDATA[]]></system-err>
</testsuite>
